internal/modules/cjs/loader.js:1015
      throw new ERR_REQUIRE_ESM(filename, parentPath, packageJsonPath);
      ^

Error [ERR_REQUIRE_ESM]: Must use import to load ES Module: /home/ktn/racing-start-timer/node.js
require() of ES modules is not supported.
require() of /home/ktn/racing-start-timer/node.js from /usr/local/lsws/fcgi-bin/lsnode.js is an ES module file as it is a .js file whose nearest parent package.json contains "type": "module" which defines all .js files in that package scope as ES modules.
Instead rename node.js to end in .cjs, change the requiring code to use import(), or remove "type": "module" from /home/ktn/racing-start-timer/package.json.

    at Object.Module._extensions..js (internal/modules/cjs/loader.js:1015:13)
    at Module.load (internal/modules/cjs/loader.js:863:32)
    at Function.Module._load (internal/modules/cjs/loader.js:708:14)
    at Module.require (internal/modules/cjs/loader.js:887:19)
    at require (internal/modules/cjs/helpers.js:74:18)
    at startApplication (/usr/local/lsws/fcgi-bin/lsnode.js:48:15)
    at Object.<anonymous> (/usr/local/lsws/fcgi-bin/lsnode.js:16:1)
    at Module._compile (internal/modules/cjs/loader.js:999:30)
    at Object.Module._extensions..js (internal/modules/cjs/loader.js:1027:10)
    at Module.load (internal/modules/cjs/loader.js:863:32) {
  code: 'ERR_REQUIRE_ESM'
}
internal/modules/cjs/loader.js:1015
      throw new ERR_REQUIRE_ESM(filename, parentPath, packageJsonPath);
      ^

Error [ERR_REQUIRE_ESM]: Must use import to load ES Module: /home/ktn/racing-start-timer/node.js
require() of ES modules is not supported.
require() of /home/ktn/racing-start-timer/node.js from /usr/local/lsws/fcgi-bin/lsnode.js is an ES module file as it is a .js file whose nearest parent package.json contains "type": "module" which defines all .js files in that package scope as ES modules.
Instead rename node.js to end in .cjs, change the requiring code to use import(), or remove "type": "module" from /home/ktn/racing-start-timer/package.json.

    at Object.Module._extensions..js (internal/modules/cjs/loader.js:1015:13)
    at Module.load (internal/modules/cjs/loader.js:863:32)
    at Function.Module._load (internal/modules/cjs/loader.js:708:14)
    at Module.require (internal/modules/cjs/loader.js:887:19)
    at require (internal/modules/cjs/helpers.js:74:18)
    at startApplication (/usr/local/lsws/fcgi-bin/lsnode.js:48:15)
    at Object.<anonymous> (/usr/local/lsws/fcgi-bin/lsnode.js:16:1)
    at Module._compile (internal/modules/cjs/loader.js:999:30)
    at Object.Module._extensions..js (internal/modules/cjs/loader.js:1027:10)
    at Module.load (internal/modules/cjs/loader.js:863:32) {
  code: 'ERR_REQUIRE_ESM'
}
internal/modules/cjs/loader.js:1015
      throw new ERR_REQUIRE_ESM(filename, parentPath, packageJsonPath);
      ^

Error [ERR_REQUIRE_ESM]: Must use import to load ES Module: /home/ktn/racing-start-timer/node.js
require() of ES modules is not supported.
require() of /home/ktn/racing-start-timer/node.js from /usr/local/lsws/fcgi-bin/lsnode.js is an ES module file as it is a .js file whose nearest parent package.json contains "type": "module" which defines all .js files in that package scope as ES modules.
Instead rename node.js to end in .cjs, change the requiring code to use import(), or remove "type": "module" from /home/ktn/racing-start-timer/package.json.

    at Object.Module._extensions..js (internal/modules/cjs/loader.js:1015:13)
    at Module.load (internal/modules/cjs/loader.js:863:32)
    at Function.Module._load (internal/modules/cjs/loader.js:708:14)
    at Module.require (internal/modules/cjs/loader.js:887:19)
    at require (internal/modules/cjs/helpers.js:74:18)
    at startApplication (/usr/local/lsws/fcgi-bin/lsnode.js:48:15)
    at Object.<anonymous> (/usr/local/lsws/fcgi-bin/lsnode.js:16:1)
    at Module._compile (internal/modules/cjs/loader.js:999:30)
    at Object.Module._extensions..js (internal/modules/cjs/loader.js:1027:10)
    at Module.load (internal/modules/cjs/loader.js:863:32) {
  code: 'ERR_REQUIRE_ESM'
}
/usr/local/lsws/fcgi-bin/lsnode.js:48
    var app = require(startupFile);
              ^

Error [ERR_REQUIRE_ESM]: require() of ES Module /home/ktn/racing-start-timer/node.js from /usr/local/lsws/fcgi-bin/lsnode.js not supported.
node.js is treated as an ES module file as it is a .js file whose nearest parent package.json contains "type": "module" which declares all .js files in that package scope as ES modules.
Instead rename node.js to end in .cjs, change the requiring code to use dynamic import() which is available in all CommonJS modules, or change "type": "module" to "type": "commonjs" in /home/ktn/racing-start-timer/package.json to treat all .js files as CommonJS (using .mjs for all ES modules instead).

    at startApplication (/usr/local/lsws/fcgi-bin/lsnode.js:48:15)
    at Object.<anonymous> (/usr/local/lsws/fcgi-bin/lsnode.js:16:1) {
  code: 'ERR_REQUIRE_ESM'
}

Node.js v18.16.1
/usr/local/lsws/fcgi-bin/lsnode.js:48
    var app = require(startupFile);
              ^

Error [ERR_REQUIRE_ESM]: require() of ES Module /home/ktn/racing-start-timer/node.js from /usr/local/lsws/fcgi-bin/lsnode.js not supported.
node.js is treated as an ES module file as it is a .js file whose nearest parent package.json contains "type": "module" which declares all .js files in that package scope as ES modules.
Instead rename node.js to end in .cjs, change the requiring code to use dynamic import() which is available in all CommonJS modules, or change "type": "module" to "type": "commonjs" in /home/ktn/racing-start-timer/package.json to treat all .js files as CommonJS (using .mjs for all ES modules instead).

    at startApplication (/usr/local/lsws/fcgi-bin/lsnode.js:48:15)
    at Object.<anonymous> (/usr/local/lsws/fcgi-bin/lsnode.js:16:1) {
  code: 'ERR_REQUIRE_ESM'
}

Node.js v18.16.1
/usr/local/lsws/fcgi-bin/lsnode.js:48
    var app = require(startupFile);
              ^

Error [ERR_REQUIRE_ESM]: require() of ES Module /home/ktn/racing-start-timer/node.js from /usr/local/lsws/fcgi-bin/lsnode.js not supported.
node.js is treated as an ES module file as it is a .js file whose nearest parent package.json contains "type": "module" which declares all .js files in that package scope as ES modules.
Instead rename node.js to end in .cjs, change the requiring code to use dynamic import() which is available in all CommonJS modules, or change "type": "module" to "type": "commonjs" in /home/ktn/racing-start-timer/package.json to treat all .js files as CommonJS (using .mjs for all ES modules instead).

    at startApplication (/usr/local/lsws/fcgi-bin/lsnode.js:48:15)
    at Object.<anonymous> (/usr/local/lsws/fcgi-bin/lsnode.js:16:1) {
  code: 'ERR_REQUIRE_ESM'
}

Node.js v18.16.1
/usr/local/lsws/fcgi-bin/lsnode.js:48
    var app = require(startupFile);
              ^

Error [ERR_REQUIRE_ESM]: require() of ES Module /home/ktn/racing-start-timer/node.js from /usr/local/lsws/fcgi-bin/lsnode.js not supported.
node.js is treated as an ES module file as it is a .js file whose nearest parent package.json contains "type": "module" which declares all .js files in that package scope as ES modules.
Instead rename node.js to end in .cjs, change the requiring code to use dynamic import() which is available in all CommonJS modules, or change "type": "module" to "type": "commonjs" in /home/ktn/racing-start-timer/package.json to treat all .js files as CommonJS (using .mjs for all ES modules instead).

    at startApplication (/usr/local/lsws/fcgi-bin/lsnode.js:48:15)
    at Object.<anonymous> (/usr/local/lsws/fcgi-bin/lsnode.js:16:1) {
  code: 'ERR_REQUIRE_ESM'
}

Node.js v18.16.1
/usr/local/lsws/fcgi-bin/lsnode.js:48
    var app = require(startupFile);
              ^

Error [ERR_REQUIRE_ESM]: require() of ES Module /home/ktn/racing-start-timer/node.js from /usr/local/lsws/fcgi-bin/lsnode.js not supported.
node.js is treated as an ES module file as it is a .js file whose nearest parent package.json contains "type": "module" which declares all .js files in that package scope as ES modules.
Instead rename node.js to end in .cjs, change the requiring code to use dynamic import() which is available in all CommonJS modules, or change "type": "module" to "type": "commonjs" in /home/ktn/racing-start-timer/package.json to treat all .js files as CommonJS (using .mjs for all ES modules instead).

    at startApplication (/usr/local/lsws/fcgi-bin/lsnode.js:48:15)
    at Object.<anonymous> (/usr/local/lsws/fcgi-bin/lsnode.js:16:1) {
  code: 'ERR_REQUIRE_ESM'
}

Node.js v18.16.1
/usr/local/lsws/fcgi-bin/lsnode.js:48
    var app = require(startupFile);
              ^

Error [ERR_REQUIRE_ESM]: require() of ES Module /home/ktn/racing-start-timer/node.js from /usr/local/lsws/fcgi-bin/lsnode.js not supported.
node.js is treated as an ES module file as it is a .js file whose nearest parent package.json contains "type": "module" which declares all .js files in that package scope as ES modules.
Instead rename node.js to end in .cjs, change the requiring code to use dynamic import() which is available in all CommonJS modules, or change "type": "module" to "type": "commonjs" in /home/ktn/racing-start-timer/package.json to treat all .js files as CommonJS (using .mjs for all ES modules instead).

    at startApplication (/usr/local/lsws/fcgi-bin/lsnode.js:48:15)
    at Object.<anonymous> (/usr/local/lsws/fcgi-bin/lsnode.js:16:1) {
  code: 'ERR_REQUIRE_ESM'
}

Node.js v18.16.1
/usr/local/lsws/fcgi-bin/lsnode.js:48
    var app = require(startupFile);
              ^

Error [ERR_REQUIRE_ESM]: require() of ES Module /home/ktn/racing-start-timer/node.js from /usr/local/lsws/fcgi-bin/lsnode.js not supported.
node.js is treated as an ES module file as it is a .js file whose nearest parent package.json contains "type": "module" which declares all .js files in that package scope as ES modules.
Instead rename node.js to end in .cjs, change the requiring code to use dynamic import() which is available in all CommonJS modules, or change "type": "module" to "type": "commonjs" in /home/ktn/racing-start-timer/package.json to treat all .js files as CommonJS (using .mjs for all ES modules instead).

    at startApplication (/usr/local/lsws/fcgi-bin/lsnode.js:48:15)
    at Object.<anonymous> (/usr/local/lsws/fcgi-bin/lsnode.js:16:1) {
  code: 'ERR_REQUIRE_ESM'
}

Node.js v18.16.1
/usr/local/lsws/fcgi-bin/lsnode.js:48
    var app = require(startupFile);
              ^

Error [ERR_REQUIRE_ESM]: require() of ES Module /home/ktn/racing-start-timer/node.js from /usr/local/lsws/fcgi-bin/lsnode.js not supported.
node.js is treated as an ES module file as it is a .js file whose nearest parent package.json contains "type": "module" which declares all .js files in that package scope as ES modules.
Instead rename node.js to end in .cjs, change the requiring code to use dynamic import() which is available in all CommonJS modules, or change "type": "module" to "type": "commonjs" in /home/ktn/racing-start-timer/package.json to treat all .js files as CommonJS (using .mjs for all ES modules instead).

    at startApplication (/usr/local/lsws/fcgi-bin/lsnode.js:48:15)
    at Object.<anonymous> (/usr/local/lsws/fcgi-bin/lsnode.js:16:1) {
  code: 'ERR_REQUIRE_ESM'
}

Node.js v18.16.1
/usr/local/lsws/fcgi-bin/lsnode.js:48
    var app = require(startupFile);
              ^

Error [ERR_REQUIRE_ESM]: require() of ES Module /home/ktn/racing-start-timer/node.js from /usr/local/lsws/fcgi-bin/lsnode.js not supported.
node.js is treated as an ES module file as it is a .js file whose nearest parent package.json contains "type": "module" which declares all .js files in that package scope as ES modules.
Instead rename node.js to end in .cjs, change the requiring code to use dynamic import() which is available in all CommonJS modules, or change "type": "module" to "type": "commonjs" in /home/ktn/racing-start-timer/package.json to treat all .js files as CommonJS (using .mjs for all ES modules instead).

    at startApplication (/usr/local/lsws/fcgi-bin/lsnode.js:48:15)
    at Object.<anonymous> (/usr/local/lsws/fcgi-bin/lsnode.js:16:1) {
  code: 'ERR_REQUIRE_ESM'
}

Node.js v18.16.1
/usr/local/lsws/fcgi-bin/lsnode.js:48
    var app = require(startupFile);
              ^

Error [ERR_REQUIRE_ESM]: require() of ES Module /home/ktn/racing-start-timer/node.js from /usr/local/lsws/fcgi-bin/lsnode.js not supported.
node.js is treated as an ES module file as it is a .js file whose nearest parent package.json contains "type": "module" which declares all .js files in that package scope as ES modules.
Instead rename node.js to end in .cjs, change the requiring code to use dynamic import() which is available in all CommonJS modules, or change "type": "module" to "type": "commonjs" in /home/ktn/racing-start-timer/package.json to treat all .js files as CommonJS (using .mjs for all ES modules instead).

    at startApplication (/usr/local/lsws/fcgi-bin/lsnode.js:48:15)
    at Object.<anonymous> (/usr/local/lsws/fcgi-bin/lsnode.js:16:1) {
  code: 'ERR_REQUIRE_ESM'
}

Node.js v18.16.1
/usr/local/lsws/fcgi-bin/lsnode.js:48
    var app = require(startupFile);
              ^

Error [ERR_REQUIRE_ESM]: require() of ES Module /home/ktn/racing-start-timer/node.js from /usr/local/lsws/fcgi-bin/lsnode.js not supported.
node.js is treated as an ES module file as it is a .js file whose nearest parent package.json contains "type": "module" which declares all .js files in that package scope as ES modules.
Instead rename node.js to end in .cjs, change the requiring code to use dynamic import() which is available in all CommonJS modules, or change "type": "module" to "type": "commonjs" in /home/ktn/racing-start-timer/package.json to treat all .js files as CommonJS (using .mjs for all ES modules instead).

    at startApplication (/usr/local/lsws/fcgi-bin/lsnode.js:48:15)
    at Object.<anonymous> (/usr/local/lsws/fcgi-bin/lsnode.js:16:1) {
  code: 'ERR_REQUIRE_ESM'
}

Node.js v18.16.1
/usr/local/lsws/fcgi-bin/lsnode.js:48
    var app = require(startupFile);
              ^

Error [ERR_REQUIRE_ESM]: require() of ES Module /home/ktn/racing-start-timer/node.js from /usr/local/lsws/fcgi-bin/lsnode.js not supported.
node.js is treated as an ES module file as it is a .js file whose nearest parent package.json contains "type": "module" which declares all .js files in that package scope as ES modules.
Instead rename node.js to end in .cjs, change the requiring code to use dynamic import() which is available in all CommonJS modules, or change "type": "module" to "type": "commonjs" in /home/ktn/racing-start-timer/package.json to treat all .js files as CommonJS (using .mjs for all ES modules instead).

    at startApplication (/usr/local/lsws/fcgi-bin/lsnode.js:48:15)
    at Object.<anonymous> (/usr/local/lsws/fcgi-bin/lsnode.js:16:1) {
  code: 'ERR_REQUIRE_ESM'
}

Node.js v18.16.1
/usr/local/lsws/fcgi-bin/lsnode.js:48
    var app = require(startupFile);
              ^

Error [ERR_REQUIRE_ESM]: require() of ES Module /home/ktn/racing-start-timer/node.js from /usr/local/lsws/fcgi-bin/lsnode.js not supported.
node.js is treated as an ES module file as it is a .js file whose nearest parent package.json contains "type": "module" which declares all .js files in that package scope as ES modules.
Instead rename node.js to end in .cjs, change the requiring code to use dynamic import() which is available in all CommonJS modules, or change "type": "module" to "type": "commonjs" in /home/ktn/racing-start-timer/package.json to treat all .js files as CommonJS (using .mjs for all ES modules instead).

    at startApplication (/usr/local/lsws/fcgi-bin/lsnode.js:48:15)
    at Object.<anonymous> (/usr/local/lsws/fcgi-bin/lsnode.js:16:1) {
  code: 'ERR_REQUIRE_ESM'
}

Node.js v18.16.1
/usr/local/lsws/fcgi-bin/lsnode.js:48
    var app = require(startupFile);
              ^

Error [ERR_REQUIRE_ESM]: require() of ES Module /home/ktn/racing-start-timer/node.js from /usr/local/lsws/fcgi-bin/lsnode.js not supported.
Instead change the require of node.js in /usr/local/lsws/fcgi-bin/lsnode.js to a dynamic import() which is available in all CommonJS modules.
    at startApplication (/usr/local/lsws/fcgi-bin/lsnode.js:48:15)
    at Object.<anonymous> (/usr/local/lsws/fcgi-bin/lsnode.js:16:1) {
  code: 'ERR_REQUIRE_ESM'
}

Node.js v18.16.1
/usr/local/lsws/fcgi-bin/lsnode.js:48
    var app = require(startupFile);
              ^

Error [ERR_REQUIRE_ESM]: require() of ES Module /home/ktn/racing-start-timer/node.js from /usr/local/lsws/fcgi-bin/lsnode.js not supported.
Instead change the require of node.js in /usr/local/lsws/fcgi-bin/lsnode.js to a dynamic import() which is available in all CommonJS modules.
    at startApplication (/usr/local/lsws/fcgi-bin/lsnode.js:48:15)
    at Object.<anonymous> (/usr/local/lsws/fcgi-bin/lsnode.js:16:1) {
  code: 'ERR_REQUIRE_ESM'
}

Node.js v18.16.1
Exception ignored in: <_io.TextIOWrapper name='<stdout>' mode='w' encoding='utf-8'>
BrokenPipeError: [Errno 32] Broken pipe
/usr/local/lsws/fcgi-bin/lsnode.js:48
    var app = require(startupFile);
              ^

Error [ERR_REQUIRE_ESM]: require() of ES Module /home/ktn/racing-start-timer/node.js from /usr/local/lsws/fcgi-bin/lsnode.js not supported.
Instead change the require of node.js in /usr/local/lsws/fcgi-bin/lsnode.js to a dynamic import() which is available in all CommonJS modules.
    at startApplication (/usr/local/lsws/fcgi-bin/lsnode.js:48:15)
    at Object.<anonymous> (/usr/local/lsws/fcgi-bin/lsnode.js:16:1) {
  code: 'ERR_REQUIRE_ESM'
}

Node.js v18.16.1
/usr/local/lsws/fcgi-bin/lsnode.js:48
    var app = require(startupFile);
              ^

Error [ERR_REQUIRE_ESM]: require() of ES Module /home/ktn/racing-start-timer/node.js from /usr/local/lsws/fcgi-bin/lsnode.js not supported.
Instead change the require of node.js in /usr/local/lsws/fcgi-bin/lsnode.js to a dynamic import() which is available in all CommonJS modules.
    at startApplication (/usr/local/lsws/fcgi-bin/lsnode.js:48:15)
    at Object.<anonymous> (/usr/local/lsws/fcgi-bin/lsnode.js:16:1) {
  code: 'ERR_REQUIRE_ESM'
}

Node.js v18.16.1
/usr/local/lsws/fcgi-bin/lsnode.js:48
    var app = require(startupFile);
              ^

Error [ERR_REQUIRE_ESM]: require() of ES Module /home/ktn/racing-start-timer/node.js from /usr/local/lsws/fcgi-bin/lsnode.js not supported.
Instead change the require of node.js in /usr/local/lsws/fcgi-bin/lsnode.js to a dynamic import() which is available in all CommonJS modules.
    at startApplication (/usr/local/lsws/fcgi-bin/lsnode.js:48:15)
    at Object.<anonymous> (/usr/local/lsws/fcgi-bin/lsnode.js:16:1) {
  code: 'ERR_REQUIRE_ESM'
}

Node.js v18.16.1
/usr/local/lsws/fcgi-bin/lsnode.js:48
    var app = require(startupFile);
              ^

Error [ERR_REQUIRE_ESM]: require() of ES Module /home/ktn/racing-start-timer/node.js from /usr/local/lsws/fcgi-bin/lsnode.js not supported.
Instead change the require of node.js in /usr/local/lsws/fcgi-bin/lsnode.js to a dynamic import() which is available in all CommonJS modules.
    at startApplication (/usr/local/lsws/fcgi-bin/lsnode.js:48:15)
    at Object.<anonymous> (/usr/local/lsws/fcgi-bin/lsnode.js:16:1) {
  code: 'ERR_REQUIRE_ESM'
}

Node.js v18.16.1
/usr/local/lsws/fcgi-bin/lsnode.js:48
    var app = require(startupFile);
              ^

Error [ERR_REQUIRE_ESM]: require() of ES Module /home/ktn/racing-start-timer/node.js from /usr/local/lsws/fcgi-bin/lsnode.js not supported.
Instead change the require of node.js in /usr/local/lsws/fcgi-bin/lsnode.js to a dynamic import() which is available in all CommonJS modules.
    at startApplication (/usr/local/lsws/fcgi-bin/lsnode.js:48:15)
    at Object.<anonymous> (/usr/local/lsws/fcgi-bin/lsnode.js:16:1) {
  code: 'ERR_REQUIRE_ESM'
}

Node.js v18.16.1
/usr/local/lsws/fcgi-bin/lsnode.js:48
    var app = require(startupFile);
              ^

Error [ERR_REQUIRE_ESM]: require() of ES Module /home/ktn/racing-start-timer/node.js from /usr/local/lsws/fcgi-bin/lsnode.js not supported.
Instead change the require of node.js in /usr/local/lsws/fcgi-bin/lsnode.js to a dynamic import() which is available in all CommonJS modules.
    at startApplication (/usr/local/lsws/fcgi-bin/lsnode.js:48:15)
    at Object.<anonymous> (/usr/local/lsws/fcgi-bin/lsnode.js:16:1) {
  code: 'ERR_REQUIRE_ESM'
}

Node.js v18.16.1
Exception ignored in: <_io.TextIOWrapper name='<stdout>' mode='w' encoding='utf-8'>
BrokenPipeError: [Errno 32] Broken pipe
/usr/local/lsws/fcgi-bin/lsnode.js:48
    var app = require(startupFile);
              ^

Error [ERR_REQUIRE_ESM]: require() of ES Module /home/ktn/racing-start-timer/node.js from /usr/local/lsws/fcgi-bin/lsnode.js not supported.
Instead change the require of node.js in /usr/local/lsws/fcgi-bin/lsnode.js to a dynamic import() which is available in all CommonJS modules.
    at startApplication (/usr/local/lsws/fcgi-bin/lsnode.js:48:15)
    at Object.<anonymous> (/usr/local/lsws/fcgi-bin/lsnode.js:16:1) {
  code: 'ERR_REQUIRE_ESM'
}

Node.js v18.16.1
/usr/local/lsws/fcgi-bin/lsnode.js:48
    var app = require(startupFile);
              ^

Error [ERR_REQUIRE_ESM]: require() of ES Module /home/ktn/racing-start-timer/node.js from /usr/local/lsws/fcgi-bin/lsnode.js not supported.
Instead change the require of node.js in /usr/local/lsws/fcgi-bin/lsnode.js to a dynamic import() which is available in all CommonJS modules.
    at startApplication (/usr/local/lsws/fcgi-bin/lsnode.js:48:15)
    at Object.<anonymous> (/usr/local/lsws/fcgi-bin/lsnode.js:16:1) {
  code: 'ERR_REQUIRE_ESM'
}

Node.js v18.16.1
/usr/local/lsws/fcgi-bin/lsnode.js:48
    var app = require(startupFile);
              ^

Error [ERR_REQUIRE_ESM]: require() of ES Module /home/ktn/racing-start-timer/node.js from /usr/local/lsws/fcgi-bin/lsnode.js not supported.
Instead change the require of node.js in /usr/local/lsws/fcgi-bin/lsnode.js to a dynamic import() which is available in all CommonJS modules.
    at startApplication (/usr/local/lsws/fcgi-bin/lsnode.js:48:15)
    at Object.<anonymous> (/usr/local/lsws/fcgi-bin/lsnode.js:16:1) {
  code: 'ERR_REQUIRE_ESM'
}

Node.js v18.16.1
/usr/local/lsws/fcgi-bin/lsnode.js:48
    var app = require(startupFile);
              ^

Error [ERR_REQUIRE_ESM]: require() of ES Module /home/ktn/racing-start-timer/node.js from /usr/local/lsws/fcgi-bin/lsnode.js not supported.
Instead change the require of node.js in /usr/local/lsws/fcgi-bin/lsnode.js to a dynamic import() which is available in all CommonJS modules.
    at startApplication (/usr/local/lsws/fcgi-bin/lsnode.js:48:15)
    at Object.<anonymous> (/usr/local/lsws/fcgi-bin/lsnode.js:16:1) {
  code: 'ERR_REQUIRE_ESM'
}

Node.js v18.16.1
/usr/local/lsws/fcgi-bin/lsnode.js:48
    var app = require(startupFile);
              ^

Error [ERR_REQUIRE_ESM]: require() of ES Module /home/ktn/racing-start-timer/node.js from /usr/local/lsws/fcgi-bin/lsnode.js not supported.
Instead change the require of node.js in /usr/local/lsws/fcgi-bin/lsnode.js to a dynamic import() which is available in all CommonJS modules.
    at startApplication (/usr/local/lsws/fcgi-bin/lsnode.js:48:15)
    at Object.<anonymous> (/usr/local/lsws/fcgi-bin/lsnode.js:16:1) {
  code: 'ERR_REQUIRE_ESM'
}

Node.js v18.16.1
/usr/local/lsws/fcgi-bin/lsnode.js:48
    var app = require(startupFile);
              ^

Error [ERR_REQUIRE_ESM]: require() of ES Module /home/ktn/racing-start-timer/node.js from /usr/local/lsws/fcgi-bin/lsnode.js not supported.
Instead change the require of node.js in /usr/local/lsws/fcgi-bin/lsnode.js to a dynamic import() which is available in all CommonJS modules.
    at startApplication (/usr/local/lsws/fcgi-bin/lsnode.js:48:15)
    at Object.<anonymous> (/usr/local/lsws/fcgi-bin/lsnode.js:16:1) {
  code: 'ERR_REQUIRE_ESM'
}

Node.js v18.16.1
Exception ignored in: <_io.TextIOWrapper name='<stdout>' mode='w' encoding='utf-8'>
BrokenPipeError: [Errno 32] Broken pipe
/usr/local/lsws/fcgi-bin/lsnode.js:48
    var app = require(startupFile);
              ^

Error [ERR_REQUIRE_ESM]: require() of ES Module /home/ktn/racing-start-timer/node.js from /usr/local/lsws/fcgi-bin/lsnode.js not supported.
node.js is treated as an ES module file as it is a .js file whose nearest parent package.json contains "type": "module" which declares all .js files in that package scope as ES modules.
Instead rename node.js to end in .cjs, change the requiring code to use dynamic import() which is available in all CommonJS modules, or change "type": "module" to "type": "commonjs" in /home/ktn/racing-start-timer/package.json to treat all .js files as CommonJS (using .mjs for all ES modules instead).

    at startApplication (/usr/local/lsws/fcgi-bin/lsnode.js:48:15)
    at Object.<anonymous> (/usr/local/lsws/fcgi-bin/lsnode.js:16:1) {
  code: 'ERR_REQUIRE_ESM'
}

Node.js v18.16.1
/usr/local/lsws/fcgi-bin/lsnode.js:48
    var app = require(startupFile);
              ^

Error [ERR_REQUIRE_ESM]: require() of ES Module /home/ktn/racing-start-timer/node.js from /usr/local/lsws/fcgi-bin/lsnode.js not supported.
node.js is treated as an ES module file as it is a .js file whose nearest parent package.json contains "type": "module" which declares all .js files in that package scope as ES modules.
Instead rename node.js to end in .cjs, change the requiring code to use dynamic import() which is available in all CommonJS modules, or change "type": "module" to "type": "commonjs" in /home/ktn/racing-start-timer/package.json to treat all .js files as CommonJS (using .mjs for all ES modules instead).

    at startApplication (/usr/local/lsws/fcgi-bin/lsnode.js:48:15)
    at Object.<anonymous> (/usr/local/lsws/fcgi-bin/lsnode.js:16:1) {
  code: 'ERR_REQUIRE_ESM'
}

Node.js v18.16.1
/usr/local/lsws/fcgi-bin/lsnode.js:48
    var app = require(startupFile);
              ^

Error [ERR_REQUIRE_ESM]: require() of ES Module /home/ktn/racing-start-timer/node.js from /usr/local/lsws/fcgi-bin/lsnode.js not supported.
node.js is treated as an ES module file as it is a .js file whose nearest parent package.json contains "type": "module" which declares all .js files in that package scope as ES modules.
Instead rename node.js to end in .cjs, change the requiring code to use dynamic import() which is available in all CommonJS modules, or change "type": "module" to "type": "commonjs" in /home/ktn/racing-start-timer/package.json to treat all .js files as CommonJS (using .mjs for all ES modules instead).

    at startApplication (/usr/local/lsws/fcgi-bin/lsnode.js:48:15)
    at Object.<anonymous> (/usr/local/lsws/fcgi-bin/lsnode.js:16:1) {
  code: 'ERR_REQUIRE_ESM'
}

Node.js v18.16.1
/usr/local/lsws/fcgi-bin/lsnode.js:48
    var app = require(startupFile);
              ^

Error [ERR_REQUIRE_ESM]: require() of ES Module /home/ktn/racing-start-timer/node.js from /usr/local/lsws/fcgi-bin/lsnode.js not supported.
node.js is treated as an ES module file as it is a .js file whose nearest parent package.json contains "type": "module" which declares all .js files in that package scope as ES modules.
Instead rename node.js to end in .cjs, change the requiring code to use dynamic import() which is available in all CommonJS modules, or change "type": "module" to "type": "commonjs" in /home/ktn/racing-start-timer/package.json to treat all .js files as CommonJS (using .mjs for all ES modules instead).

    at startApplication (/usr/local/lsws/fcgi-bin/lsnode.js:48:15)
    at Object.<anonymous> (/usr/local/lsws/fcgi-bin/lsnode.js:16:1) {
  code: 'ERR_REQUIRE_ESM'
}

Node.js v18.16.1
/usr/local/lsws/fcgi-bin/lsnode.js:48
    var app = require(startupFile);
              ^

Error [ERR_REQUIRE_ESM]: require() of ES Module /home/ktn/racing-start-timer/node.js from /usr/local/lsws/fcgi-bin/lsnode.js not supported.
node.js is treated as an ES module file as it is a .js file whose nearest parent package.json contains "type": "module" which declares all .js files in that package scope as ES modules.
Instead rename node.js to end in .cjs, change the requiring code to use dynamic import() which is available in all CommonJS modules, or change "type": "module" to "type": "commonjs" in /home/ktn/racing-start-timer/package.json to treat all .js files as CommonJS (using .mjs for all ES modules instead).

    at startApplication (/usr/local/lsws/fcgi-bin/lsnode.js:48:15)
    at Object.<anonymous> (/usr/local/lsws/fcgi-bin/lsnode.js:16:1) {
  code: 'ERR_REQUIRE_ESM'
}

Node.js v18.16.1
/usr/local/lsws/fcgi-bin/lsnode.js:48
    var app = require(startupFile);
              ^

Error [ERR_REQUIRE_ESM]: require() of ES Module /home/ktn/racing-start-timer/node.js from /usr/local/lsws/fcgi-bin/lsnode.js not supported.
node.js is treated as an ES module file as it is a .js file whose nearest parent package.json contains "type": "module" which declares all .js files in that package scope as ES modules.
Instead rename node.js to end in .cjs, change the requiring code to use dynamic import() which is available in all CommonJS modules, or change "type": "module" to "type": "commonjs" in /home/ktn/racing-start-timer/package.json to treat all .js files as CommonJS (using .mjs for all ES modules instead).

    at startApplication (/usr/local/lsws/fcgi-bin/lsnode.js:48:15)
    at Object.<anonymous> (/usr/local/lsws/fcgi-bin/lsnode.js:16:1) {
  code: 'ERR_REQUIRE_ESM'
}

Node.js v18.16.1
/usr/local/lsws/fcgi-bin/lsnode.js:48
    var app = require(startupFile);
              ^

Error [ERR_REQUIRE_ESM]: require() of ES Module /home/ktn/racing-start-timer/node.js from /usr/local/lsws/fcgi-bin/lsnode.js not supported.
node.js is treated as an ES module file as it is a .js file whose nearest parent package.json contains "type": "module" which declares all .js files in that package scope as ES modules.
Instead rename node.js to end in .cjs, change the requiring code to use dynamic import() which is available in all CommonJS modules, or change "type": "module" to "type": "commonjs" in /home/ktn/racing-start-timer/package.json to treat all .js files as CommonJS (using .mjs for all ES modules instead).

    at startApplication (/usr/local/lsws/fcgi-bin/lsnode.js:48:15)
    at Object.<anonymous> (/usr/local/lsws/fcgi-bin/lsnode.js:16:1) {
  code: 'ERR_REQUIRE_ESM'
}

Node.js v18.16.1
/usr/local/lsws/fcgi-bin/lsnode.js:48
    var app = require(startupFile);
              ^

Error [ERR_REQUIRE_ESM]: require() of ES Module /home/ktn/racing-start-timer/node.js from /usr/local/lsws/fcgi-bin/lsnode.js not supported.
node.js is treated as an ES module file as it is a .js file whose nearest parent package.json contains "type": "module" which declares all .js files in that package scope as ES modules.
Instead rename node.js to end in .cjs, change the requiring code to use dynamic import() which is available in all CommonJS modules, or change "type": "module" to "type": "commonjs" in /home/ktn/racing-start-timer/package.json to treat all .js files as CommonJS (using .mjs for all ES modules instead).

    at startApplication (/usr/local/lsws/fcgi-bin/lsnode.js:48:15)
    at Object.<anonymous> (/usr/local/lsws/fcgi-bin/lsnode.js:16:1) {
  code: 'ERR_REQUIRE_ESM'
}

Node.js v18.16.1
/usr/local/lsws/fcgi-bin/lsnode.js:48
    var app = require(startupFile);
              ^

Error [ERR_REQUIRE_ESM]: require() of ES Module /home/ktn/racing-start-timer/node.js from /usr/local/lsws/fcgi-bin/lsnode.js not supported.
node.js is treated as an ES module file as it is a .js file whose nearest parent package.json contains "type": "module" which declares all .js files in that package scope as ES modules.
Instead rename node.js to end in .cjs, change the requiring code to use dynamic import() which is available in all CommonJS modules, or change "type": "module" to "type": "commonjs" in /home/ktn/racing-start-timer/package.json to treat all .js files as CommonJS (using .mjs for all ES modules instead).

    at startApplication (/usr/local/lsws/fcgi-bin/lsnode.js:48:15)
    at Object.<anonymous> (/usr/local/lsws/fcgi-bin/lsnode.js:16:1) {
  code: 'ERR_REQUIRE_ESM'
}

Node.js v18.16.1
/usr/local/lsws/fcgi-bin/lsnode.js:48
    var app = require(startupFile);
              ^

Error [ERR_REQUIRE_ESM]: require() of ES Module /home/ktn/racing-start-timer/node.js from /usr/local/lsws/fcgi-bin/lsnode.js not supported.
node.js is treated as an ES module file as it is a .js file whose nearest parent package.json contains "type": "module" which declares all .js files in that package scope as ES modules.
Instead rename node.js to end in .cjs, change the requiring code to use dynamic import() which is available in all CommonJS modules, or change "type": "module" to "type": "commonjs" in /home/ktn/racing-start-timer/package.json to treat all .js files as CommonJS (using .mjs for all ES modules instead).

    at startApplication (/usr/local/lsws/fcgi-bin/lsnode.js:48:15)
    at Object.<anonymous> (/usr/local/lsws/fcgi-bin/lsnode.js:16:1) {
  code: 'ERR_REQUIRE_ESM'
}

Node.js v18.16.1
/home/ktn/racing-start-timer/node.js:3
import express from "express";
^^^^^^

SyntaxError: Cannot use import statement outside a module
    at internalCompileFunction (node:internal/vm:73:18)
    at wrapSafe (node:internal/modules/cjs/loader:1178:20)
    at Module._compile (node:internal/modules/cjs/loader:1220:27)
    at Module._extensions..js (node:internal/modules/cjs/loader:1310:10)
    at Module.load (node:internal/modules/cjs/loader:1119:32)
    at Module._load (node:internal/modules/cjs/loader:960:12)
    at Module.require (node:internal/modules/cjs/loader:1143:19)
    at require (node:internal/modules/cjs/helpers:110:18)
    at startApplication (/usr/local/lsws/fcgi-bin/lsnode.js:48:15)
    at Object.<anonymous> (/usr/local/lsws/fcgi-bin/lsnode.js:16:1)

Node.js v18.16.1
/home/ktn/racing-start-timer/node.js:3
import express from "express";
^^^^^^

SyntaxError: Cannot use import statement outside a module
    at internalCompileFunction (node:internal/vm:73:18)
    at wrapSafe (node:internal/modules/cjs/loader:1178:20)
    at Module._compile (node:internal/modules/cjs/loader:1220:27)
    at Module._extensions..js (node:internal/modules/cjs/loader:1310:10)
    at Module.load (node:internal/modules/cjs/loader:1119:32)
    at Module._load (node:internal/modules/cjs/loader:960:12)
    at Module.require (node:internal/modules/cjs/loader:1143:19)
    at require (node:internal/modules/cjs/helpers:110:18)
    at startApplication (/usr/local/lsws/fcgi-bin/lsnode.js:48:15)
    at Object.<anonymous> (/usr/local/lsws/fcgi-bin/lsnode.js:16:1)

Node.js v18.16.1
/home/ktn/racing-start-timer/node.js:3
import express from "express";
^^^^^^

SyntaxError: Cannot use import statement outside a module
    at internalCompileFunction (node:internal/vm:73:18)
    at wrapSafe (node:internal/modules/cjs/loader:1178:20)
    at Module._compile (node:internal/modules/cjs/loader:1220:27)
    at Module._extensions..js (node:internal/modules/cjs/loader:1310:10)
    at Module.load (node:internal/modules/cjs/loader:1119:32)
    at Module._load (node:internal/modules/cjs/loader:960:12)
    at Module.require (node:internal/modules/cjs/loader:1143:19)
    at require (node:internal/modules/cjs/helpers:110:18)
    at startApplication (/usr/local/lsws/fcgi-bin/lsnode.js:48:15)
    at Object.<anonymous> (/usr/local/lsws/fcgi-bin/lsnode.js:16:1)

Node.js v18.16.1
